<?xml version="1.0" encoding="UTF-8"?>
<testsuite name="com.example.checkers.CheckersTest" tests="1" skipped="0" failures="0" errors="0" timestamp="2022-09-26T10:34:21" hostname="DESKTOP-0U4DTB9" time="0.015">
  <properties/>
  <testcase name="checkAttackBlackTurn()" classname="com.example.checkers.CheckersTest" time="0.015"/>
  <system-out><![CDATA[]]></system-out>
  <system-err><![CDATA[]]></system-err>
</testsuite>
